C51 COMPILER V9.54   MAIN                                                                  01/31/2024 23:44:38 PAGE 1   


C51 COMPILER V9.54, COMPILATION OF MODULE MAIN
OBJECT MODULE PLACED IN .\Objects\main.obj
COMPILER INVOKED BY: D:\keil5\C51\BIN\C51.EXE main.c OPTIMIZE(8,SPEED) BROWSE DEBUG OBJECTEXTEND PRINT(.\Listings\main.l
                    -st) TABS(2) OBJECT(.\Objects\main.obj)

line level    source

   1          #include <REGX52.H>
   2          #include "Nixie.h"
   3          #include "Motor.h"
   4          #include "IR.h"
   5          
   6          unsigned char Command, Speed;
   7          
   8          void main()
   9          {
  10   1        Motor_Init();
  11   1        IR_Init();
  12   1        while(1)
  13   1        {
  14   2          if(IR_GetDataFlag())
  15   2          {
  16   3            Command = IR_GetCommand();
  17   3            if(Command == IR_0)Speed = 0;
  18   3            if(Command == IR_1)Speed = 1;
  19   3            if(Command == IR_2)Speed = 2;
  20   3            if(Command == IR_3)Speed = 3;
  21   3            
  22   3            if(Speed == 0)Motor_SetSpeed(0);
  23   3            if(Speed == 1)Motor_SetSpeed(50);
  24   3            if(Speed == 2)Motor_SetSpeed(75);
  25   3            if(Speed == 3)Motor_SetSpeed(100);
  26   3          }
  27   2          Nixie(1, Speed);
  28   2        }
  29   1      }
  30          


MODULE INFORMATION:   STATIC OVERLAYABLE
   CODE SIZE        =     99    ----
   CONSTANT SIZE    =   ----    ----
   XDATA SIZE       =   ----    ----
   PDATA SIZE       =   ----    ----
   DATA SIZE        =      2    ----
   IDATA SIZE       =   ----    ----
   BIT SIZE         =   ----    ----
END OF MODULE INFORMATION.


C51 COMPILATION COMPLETE.  0 WARNING(S),  0 ERROR(S)
