C51 COMPILER V9.54   MOTOR                                                                 01/31/2024 23:18:36 PAGE 1   


C51 COMPILER V9.54, COMPILATION OF MODULE MOTOR
OBJECT MODULE PLACED IN .\Objects\Motor.obj
COMPILER INVOKED BY: D:\keil5\C51\BIN\C51.EXE Motor.c OPTIMIZE(8,SPEED) BROWSE DEBUG OBJECTEXTEND PRINT(.\Listings\Motor
                    -.lst) TABS(2) OBJECT(.\Objects\Motor.obj)

line level    source

   1          #include <REGX52.H>
   2          #include "Timer1.h"
   3          
   4          sbit Motor = P1^0;
   5          
   6          unsigned char Counter, Compare;
   7          
   8          void Motor_Init()
   9          {
  10   1        Timer1_Init();
  11   1      }
  12          
  13          void Motor_SetSpeed(unsigned char Speed)
  14          {
  15   1        Compare = Speed;
  16   1      }
  17          
  18          void Timer1_Routine() interrupt 3
  19          {
  20   1        TL1 = 0x9C;       //设置定时初值
  21   1        TH1 = 0xFF;       //设置定时初值
  22   1        Counter++;
  23   1        Counter %= 100;
  24   1        if(Counter < Compare)
  25   1        {
  26   2          Motor = 1;
  27   2        }
  28   1        else
  29   1        {
  30   2          Motor = 0;
  31   2        }
  32   1      }


MODULE INFORMATION:   STATIC OVERLAYABLE
   CODE SIZE        =     49    ----
   CONSTANT SIZE    =   ----    ----
   XDATA SIZE       =   ----    ----
   PDATA SIZE       =   ----    ----
   DATA SIZE        =      2    ----
   IDATA SIZE       =   ----    ----
   BIT SIZE         =   ----    ----
END OF MODULE INFORMATION.


C51 COMPILATION COMPLETE.  0 WARNING(S),  0 ERROR(S)
