C51 COMPILER V9.54   TIMER1                                                                01/31/2024 23:07:11 PAGE 1   


C51 COMPILER V9.54, COMPILATION OF MODULE TIMER1
OBJECT MODULE PLACED IN .\Objects\Timer1.obj
COMPILER INVOKED BY: D:\keil5\C51\BIN\C51.EXE Timer1.c OPTIMIZE(8,SPEED) BROWSE DEBUG OBJECTEXTEND PRINT(.\Listings\Time
                    -r1.lst) TABS(2) OBJECT(.\Objects\Timer1.obj)

line level    source

   1          #include <REGX52.H>
   2          
   3          /*
   4           * 定时器1初始化，100us @12.000MHz
   5           */
   6          
   7          void Timer1_Init()    //1毫秒@12.000MHz
   8          {
   9   1        TMOD &= 0x0F;     //设置定时器模式
  10   1        TMOD |= 0x10;     //设置定时器模式
  11   1        TL1 = 0x9C;       //设置定时初值
  12   1        TH1 = 0xFF;       //设置定时初值
  13   1        TF1 = 0;        //清除TF1标志
  14   1        TR1 = 1;        //定时器1开始计时
  15   1        ET1=1;
  16   1        EA=1;
  17   1        PT1=0;
  18   1      }
  19          
  20          /*
  21          
  22          定时器中断函数模板
  23          
  24          void Timer1_Routine() interrupt 3
  25          {
  26            static unsigned int T1Count;
  27            TL1 = 0x9C;       //设置定时初值
  28            TH1 = 0xFF;       //设置定时初值
  29            T1Count++;
  30            if(T1Count>=1000)
  31            {
  32              T1Count=0;
  33              
  34            }
  35          }
  36          
  37          */
  38          


MODULE INFORMATION:   STATIC OVERLAYABLE
   CODE SIZE        =     23    ----
   CONSTANT SIZE    =   ----    ----
   XDATA SIZE       =   ----    ----
   PDATA SIZE       =   ----    ----
   DATA SIZE        =   ----    ----
   IDATA SIZE       =   ----    ----
   BIT SIZE         =   ----    ----
END OF MODULE INFORMATION.


C51 COMPILATION COMPLETE.  0 WARNING(S),  0 ERROR(S)
