C51 COMPILER V9.54   MAIN                                                                  12/27/2023 18:29:13 PAGE 1   


C51 COMPILER V9.54, COMPILATION OF MODULE MAIN
OBJECT MODULE PLACED IN .\Objects\main.obj
COMPILER INVOKED BY: D:\keil5\C51\BIN\C51.EXE main.c OPTIMIZE(8,SPEED) BROWSE DEBUG OBJECTEXTEND PRINT(.\Listings\main.l
                    -st) TABS(2) OBJECT(.\Objects\main.obj)

line level    source

   1          #include <REGX52.H>
   2          #include <stdlib.h>
   3          #include "Delay.h"
   4          #include "MatrixLED.h"
   5          #include "MatrixKey.h"
   6          #include "Timer0.h"
   7          
   8          unsigned char Direction,Length,KeyNum,Speed,Score;
   9          char Snake_x[16];//蛇身x坐标,理想状态是64，但单片机RAM不够，所以少设一些
  10          char Snake_y[16];//蛇身y坐标
  11          unsigned char code x[] = {0,1,2,3,4,5,6,7};
  12          unsigned char code y[] = {0x80,0x40,0x20,0x10,0x08,0x04,0x02,0x01};
  13          unsigned char Food_x;//食物x坐标
  14          unsigned char Food_y;//食物y坐标
  15          
  16          
  17          unsigned char Independent_Key() //四个独立按键选择模式
  18          {
  19   1        static unsigned char KeyNumber_0;
  20   1        if(P3_1==0){KeyNumber_0=1;} //简单模式
  21   1        if(P3_0==0){KeyNumber_0=2;} //普通模式
  22   1        if(P3_2==0){KeyNumber_0=3;} //困难模式
  23   1        if(P3_3==0){KeyNumber_0=4;} //娱乐模式
  24   1        return KeyNumber_0;
  25   1      }
  26          
  27          
  28          void welcome()
  29          {
  30   1          unsigned char code welcome[]={
  31   1      0x00,0x40,0xC0,0xC0,0xCE,0x71,0x01,0x09,
  32   1      0x16,0x20,0x10,0x18,0x09,0x0A,0x0A,0x04,
  33   1      0x00,0x00,0x00,0x00,0x00,0x00,0x00,0x00,
  34   1      0x32,0x49,0x49,0x49,0x26,0x00,0x41,0x7F,
  35   1      0x41,0x00,0x7F,0x20,0x10,0x10,0x20,0x7F,
  36   1      0x00,0x7F,0x48,0x48,0x48,0x30,0x00,0x7F,
  37   1      0x01,0x01,0x01,0x00,0x7F,0x49,0x49,0x41,
  38   1      0x00,0x22,0x00,0x21,0x7F,0x01,0x00,0xFF,
  39   1      0x00,0x3E,0x41,0x41,0x41,0x3E,0x00,0x7F,
  40   1      0x48,0x4C,0x4A,0x31,0x00,0x7F,0x41,0x41,
  41   1      0x41,0x3E,0x00,0x41,0x7F,0x41,0x00,0x7F,
  42   1      0x20,0x1C,0x02,0x7F,0x00,0x0F,0x34,0x44,
  43   1      0x34,0x0F,0x00,0x7F,0x48,0x4C,0x4A,0x31,
  44   1      0x00,0x40,0x20,0x1F,0x20,0x40,0x00,0x22,
  45   1      0x00,0x23,0x47,0x4D,0x59,0x31,0x00,0xFF,
  46   1      0x00,0x7F,0x41,0x41,0x41,0x3E,0x00,0x41,
  47   1      0x7F,0x41,0x00,0x7F,0x48,0x48,0x40,0x00,
  48   1      0x7F,0x48,0x48,0x40,0x00,0x41,0x7F,0x41,
  49   1      0x00,0x3E,0x41,0x41,0x41,0x22,0x00,0x7E,
  50   1      0x01,0x01,0x01,0x7E,0x00,0x7F,0x01,0x01,
  51   1      0x01,0x01,0x40,0x40,0x7F,0x40,0x40,0x00,
  52   1      0x40,0x20,0x1F,0x20,0x40,0x00,0x22,0x00,
  53   1      0x22,0x41,0x49,0x49,0x36,0x00,0xFF,0x00,
  54   1      0x7F,0x49,0x49,0x41,0x00,0x7F,0x20,0x1C,
C51 COMPILER V9.54   MAIN                                                                  12/27/2023 18:29:13 PAGE 2   

  55   1      0x02,0x7F,0x00,0x40,0x40,0x7F,0x40,0x40,
  56   1      0x00,0x7F,0x49,0x49,0x41,0x00,0x7F,0x48,
  57   1      0x4C,0x4A,0x31,0x00,0x40,0x40,0x7F,0x40,
  58   1      0x40,0x00,0x0F,0x34,0x44,0x34,0x0F,0x00,
  59   1      0x41,0x7F,0x41,0x00,0x7F,0x20,0x1C,0x02,
  60   1      0x7F,0x00,0x7F,0x20,0x10,0x10,0x20,0x7F,
  61   1      0x00,0x7F,0x49,0x49,0x41,0x00,0x7F,0x20,
  62   1      0x1C,0x02,0x7F,0x00,0x40,0x40,0x7F,0x40,
  63   1      0x40,0x00,0x22,0x00,0x0C,0x34,0x7F,0x04
  64   1      }; //SIMPLE：1|ORDINARY：2|DIFFICULTY：3|ENTERTAINMENT：4
  65   1        unsigned char i,Offset = 0,Count = 0;
  66   1        MatrixLED_Init(); 
  67   1        while(1)  
  68   1        {
  69   2          {
  70   3            for(i = 0;i < 8;i++)
  71   3            {
  72   4              MatrixLED_ShowColumn(i,welcome[i + Offset]);
  73   4            }
  74   3            Count++;
  75   3            if(Count > 8)
  76   3            {
  77   4              Count = 0;
  78   4              Offset++;
  79   4              if(Offset > 256)
  80   4              {
  81   5                Offset = 0;
  82   5              }
  83   4            }     
  84   3          }
  85   2          if(Independent_Key() == 1 || Independent_Key() == 2 || Independent_Key() == 3 || Independent_Key() == 4)
  86   2          {
  87   3            break;
  88   3          }
  89   2        }
  90   1      }
  91          
  92          
  93          void Snake_move()//蛇身移动
  94          {
  95   1        unsigned char i;
  96   1        for (i = Length + 1; i > 0;i--)
  97   1        {
  98   2            Snake_x[i] = Snake_x[i - 1];//下一次的x坐标为上一次的x坐标，以实现向前挪动
  99   2            Snake_y[i] = Snake_y[i - 1];//同上
 100   2        }
 101   1        switch(Direction)//方向：1:上2:下3:左4:右
 102   1        {
 103   2          case 1:(Snake_y[0])--;break;
 104   2          case 2:(Snake_y[0])++;break;
 105   2          case 3:(Snake_x[0])--;break;
 106   2          case 4:(Snake_x[0])++;break;
 107   2        }
 108   1      }
 109          
 110          
 111          void Direction_key()//检测方向键，控制方向
 112          {
 113   1        if(KeyNum)
 114   1        {
 115   2          switch(KeyNum){
 116   3            case 1:if(Direction != 1)Direction = 2;break;//如果方向不是上，也就是方向为左或右，那么朝下
C51 COMPILER V9.54   MAIN                                                                  12/27/2023 18:29:13 PAGE 3   

 117   3            case 2:if(Direction != 2)Direction = 1;break;//同上
 118   3            case 3:if(Direction != 3)Direction = 4;break;//同上
 119   3            case 4:if(Direction != 4)Direction = 3;break;//同上
 120   3          }     
 121   2        }
 122   1      }
 123          
 124          
 125          void Food_coordinate()//食物坐标
 126          { 
 127   1        Food_x = rand() % 8;
 128   1        Food_y = rand() % 8;
 129   1      }
 130          
 131          
 132          void Refresh() //刷新蛇和食物的位置
 133          {
 134   1        unsigned char i;
 135   1        for(i = 0;i < Length;i++)
 136   1          {
 137   2            MatrixLED_Init();
 138   2            MatrixLED_ShowColumn(x[Snake_x[i]],y[Snake_y[i]]);
 139   2          }
 140   1            MatrixLED_Init();
 141   1            MatrixLED_ShowColumn(x[Food_x],y[Food_y]);
 142   1      }
 143          
 144          
 145          void Eat_food() //判断是否吃到食物
 146          { 
 147   1        unsigned char i;
 148   1        for(i = 0;i < Length;i++){
 149   2        if(Snake_x[i] == Food_x && Snake_y[i] == Food_y)
 150   2        {
 151   3          Length++;
 152   3          Food_coordinate();
 153   3          Score++;
 154   3        } 
 155   2        
 156   2        }
 157   1        
 158   1      }
 159          
 160          
 161          void Game_over() //游戏结束显示效果
 162          {
 163   1        unsigned char code Animation[] = {
 164   1      0x00,0x00,0x00,0x00,0x00,0x00,0x00,0x00,
 165   1      0x7E,0x81,0x81,0x89,0x89,0x4E,0x00,0x1F,
 166   1      0x68,0x88,0x68,0x1F,0x00,0xFF,0x40,0x20,
 167   1      0x20,0x40,0xFF,0x00,0xFF,0x91,0x91,0x91,
 168   1      0x91,0x00,0x00,0x7E,0x81,0x81,0x81,0x81,
 169   1      0x7E,0x00,0xF0,0x0E,0x01,0x0E,0xF0,0x00,
 170   1      0xFF,0x91,0x91,0x91,0x91,0x00,0x7F,0x88,
 171   1      0x8C,0x8A,0x71,0x00,0x00,0x00,0x00,0xF2,
 172   1      0x97,0x92,0x02,0xF2,0x12,0x12,0x02,0xF2,
 173   1      0x02,0xF2,0x92,0x92,0x02,0xF2,0x42,0xB2,
 174   1      0x02,0x02,0x02,0xF2,0x02,0x82,0xF2,0x82,
 175   1      0x00,0x00,0x00,0x00,0x00,0x00,0x00,0x00
 176   1      }; //GAME OVER
 177   1        unsigned char i,Offset = 0,Count = 0;
 178   1        MatrixLED_Init();
C51 COMPILER V9.54   MAIN                                                                  12/27/2023 18:29:13 PAGE 4   

 179   1        while(1)
 180   1        {
 181   2          for(i = 0;i < 8;i++)
 182   2          {
 183   3            MatrixLED_ShowColumn(i,Animation[i + Offset]);
 184   3          }
 185   2          Count++;
 186   2          if(Count > 4)
 187   2          {
 188   3            Count = 0;
 189   3            Offset++;
 190   3            if(Offset > 88)
 191   3            {
 192   4              Offset = 0;
 193   4            }
 194   3          }
 195   2          if(Score == 0){P2_0 = 1;}
 196   2          if(Score == 1){P2_0 = 0;}
 197   2          if(Score == 2){P2_0 = 0;P2_1 = 0;}
 198   2          if(Score == 3){P2_0 = 0;P2_1 = 0;P2_2 = 0;}
 199   2          if(Score == 4){P2_0 = 0;P2_1 = 0;P2_2 = 0;P2_3 = 0;}
 200   2          if(Score == 5){P2_0 = 0;P2_1 = 0;P2_2 = 0;P2_3 = 0;P2_4 = 0;}
 201   2          if(Score == 6){P2_0 = 0;P2_1 = 0;P2_2 = 0;P2_3 = 0;P2_4 = 0;P2_5 = 0;}
 202   2          if(Score == 7){P2_0 = 0;P2_1 = 0;P2_2 = 0;P2_3 = 0;P2_4 = 0;P2_5 = 0;P2_6 = 0;}
 203   2          if(Score >= 8){P2_0 = 0;P2_1 = 0;P2_2 = 0;P2_3 = 0;P2_4 = 0;P2_5 = 0;P2_6 = 0;P2_7 = 0;}
 204   2        }   
 205   1      }
 206          
 207          
 208          void Snake_death() //判断死亡
 209          {
 210   1        
 211   1        //撞自己
 212   1        unsigned char i;
 213   1        for(i = 4;i < Length;i++)
 214   1        {
 215   2          if(Snake_x[0] == Snake_x[i] && Snake_y[0] == Snake_y[i])
 216   2          {     
 217   3            Game_over();
 218   3          }
 219   2        }
 220   1        
 221   1        //撞墙
 222   1          if(Snake_x[0] < 0 || Snake_x[0] > 7 || Snake_y[0] < 0 || Snake_y[0] > 7)
 223   1          {
 224   2            Game_over();
 225   2          }
 226   1      }
 227          
 228          
 229          void main()
 230          {
 231   1        Length = 2;
 232   1        Direction = 4;
 233   1        Score = -1;
 234   1        welcome();
 235   1        while(Independent_Key() == 1) //简单模式
 236   1        {
 237   2            Timer0_Init();
 238   2            Speed = 200;
 239   2            rand();
 240   2            KeyNum = Key();
C51 COMPILER V9.54   MAIN                                                                  12/27/2023 18:29:13 PAGE 5   

 241   2            Direction_key();
 242   2            MatrixLED_Init();
 243   2            Refresh();
 244   2            Eat_food();
 245   2            Snake_death();
 246   2        }
 247   1        while(Independent_Key() == 2) //普通模式
 248   1        {
 249   2            Timer0_Init();
 250   2            Speed = 150;
 251   2            rand();
 252   2            KeyNum = Key();
 253   2            Direction_key();
 254   2            MatrixLED_Init();
 255   2            Refresh();
 256   2            Eat_food();
 257   2            Snake_death();
 258   2        }
 259   1        while(Independent_Key() == 3) //困难模式
 260   1        {
 261   2            Timer0_Init();
 262   2            Speed = 100;
 263   2            rand();
 264   2            KeyNum = Key();
 265   2            Direction_key();
 266   2            MatrixLED_Init();
 267   2            Refresh();
 268   2            Eat_food();
 269   2            Snake_death();
 270   2        }
 271   1        while(Independent_Key() == 4) //娱乐模式
 272   1        {
 273   2            Timer0_Init();
 274   2            Speed = 150;
 275   2            rand();
 276   2            KeyNum = Key();
 277   2            Direction_key();
 278   2            MatrixLED_Init();
 279   2            Refresh();
 280   2            Eat_food();
 281   2            Snake_death();
 282   2        }
 283   1      }
 284          
 285          
 286          void Routine_Timer0() interrupt 1
 287          {
 288   1          static unsigned int T0_Count1,T0_Count2,T0_Count3;
 289   1          TL0 = 0x18;   
 290   1          TH0 = 0xFC;     
 291   1          //刷新按键
 292   1          T0_Count1++;
 293   1          if(T0_Count1 == 50)
 294   1          {
 295   2            T0_Count1 = 0;
 296   2            Circulate_MatrixKey();
 297   2          }
 298   1          //蛇移动的刷新速度
 299   1          T0_Count2++;
 300   1          if(T0_Count2 == Speed)
 301   1          { 
 302   2            T0_Count2 = 0;
C51 COMPILER V9.54   MAIN                                                                  12/27/2023 18:29:13 PAGE 6   

 303   2            Snake_move();
 304   2          }
 305   1          //娱乐模式食物刷新
 306   1          if(Independent_Key() == 4)
 307   1          {
 308   2            T0_Count3++;
 309   2            if(T0_Count3 == 5000)
 310   2            {
 311   3              T0_Count3 = 0;    
 312   3              Food_coordinate();
 313   3              MatrixLED_ShowColumn(x[Food_x],y[Food_y]);    
 314   3            }
 315   2          }
 316   1        } 


MODULE INFORMATION:   STATIC OVERLAYABLE
   CODE SIZE        =    995    ----
   CONSTANT SIZE    =    376    ----
   XDATA SIZE       =   ----    ----
   PDATA SIZE       =   ----    ----
   DATA SIZE        =     46       9
   IDATA SIZE       =   ----    ----
   BIT SIZE         =   ----    ----
END OF MODULE INFORMATION.


C51 COMPILATION COMPLETE.  0 WARNING(S),  0 ERROR(S)
