C51 COMPILER V9.54   MATRIXKEY                                                             12/27/2023 16:51:04 PAGE 1   


C51 COMPILER V9.54, COMPILATION OF MODULE MATRIXKEY
OBJECT MODULE PLACED IN .\Objects\MatrixKey.obj
COMPILER INVOKED BY: D:\keil5\C51\BIN\C51.EXE MatrixKey.c OPTIMIZE(8,SPEED) BROWSE DEBUG OBJECTEXTEND PRINT(.\Listings\M
                    -atrixKey.lst) TABS(2) OBJECT(.\Objects\MatrixKey.obj)

line level    source

   1          #include <REGX52.H>
   2          #include "Delay.h"
   3          
   4          /*
   5            矩阵键盘读取按键键码
   6            KeyNumber 按下按键的键码值
   7            如果按键按下不放，程序会停留在此函数，松手的一瞬间，返回按键键码，没有按键按下时，返回0
   8          */
   9          
  10          unsigned char Key_KeyNumber;
  11          unsigned char Key()
  12          {
  13   1        unsigned char a;
  14   1        a=Key_KeyNumber;
  15   1        Key_KeyNumber=0;
  16   1        return a;
  17   1      }
  18          
  19          unsigned char MatrixKey()
  20          {
  21   1        unsigned char KeyNumber=0;
  22   1        
  23   1        P1=0xFF;
  24   1        P1_2=0;
  25   1        if(P1_5==0){KeyNumber=10;}//方向：左
  26   1        
  27   1        P1=0xFF;
  28   1        P1_1=0;
  29   1        if(P1_6==0){KeyNumber=7;}//方向：上
  30   1        if(P1_4==0){KeyNumber=15;}//方向：下
  31   1        
  32   1        P1=0xFF;
  33   1        P1_0=0;
  34   1        if(P1_5==0){KeyNumber=12;}//方向：右
  35   1        
  36   1        return KeyNumber;
  37   1      }
  38          
  39          void Circulate_MatrixKey()
  40          {
  41   1          static unsigned char Now_Key=0;   
  42   1          Now_Key=MatrixKey();
  43   1          if(Now_Key==7){Key_KeyNumber=2;}//下
  44   1          if(Now_Key==15){Key_KeyNumber=1;}//上
  45   1          if(Now_Key==10){Key_KeyNumber=4;}//右
  46   1          if(Now_Key==12){Key_KeyNumber=3;}//左
  47   1      }


MODULE INFORMATION:   STATIC OVERLAYABLE
   CODE SIZE        =     82    ----
   CONSTANT SIZE    =   ----    ----
   XDATA SIZE       =   ----    ----
   PDATA SIZE       =   ----    ----
C51 COMPILER V9.54   MATRIXKEY                                                             12/27/2023 16:51:04 PAGE 2   

   DATA SIZE        =      2    ----
   IDATA SIZE       =   ----    ----
   BIT SIZE         =   ----    ----
END OF MODULE INFORMATION.


C51 COMPILATION COMPLETE.  0 WARNING(S),  0 ERROR(S)
